<?xml version="1.0" encoding="UTF-8"?><testsuite errors="1" failures="1" name="com.restapiexample.dummy.dummyrestapiInfo.DummyRestAPICURDTest" skipped="0" tests="12" time="28.99" timestamp="2022-06-07T19:29:24.837+01:00[Europe/London]"><testcase classname="com.restapiexample.dummy.dummyrestapiInfo.DummyRestAPICURDTest" name="This will create a new employee"/><testcase classname="com.restapiexample.dummy.dummyrestapiInfo.DummyRestAPICURDTest" name="This will Read an employee by ID"/><testcase classname="com.restapiexample.dummy.dummyrestapiInfo.DummyRestAPICURDTest" name="This will Update an employee by ID"/><testcase classname="com.restapiexample.dummy.dummyrestapiInfo.DummyRestAPICURDTest" name="This will Delete an employee by ID"><failure message="1 expectation failed.&#10;Expected status code &lt;200&gt; but was &lt;429&gt;.&#10;" type="java.lang.AssertionError">1 expectation failed.
Expected status code &lt;200&gt; but was &lt;429&gt;.
</failure><system-err>1 expectation failed.
Expected status code &lt;200&gt; but was &lt;429&gt;.
&#13;
io.restassured.internal.ResponseSpecificationImpl.validateResponseIfRequired(ResponseSpecificationImpl.groovy:636)&#13;
io.restassured.internal.ResponseSpecificationImpl.statusCode(ResponseSpecificationImpl.groovy:122)&#13;
io.restassured.internal.ResponseSpecificationImpl.statusCode(ResponseSpecificationImpl.groovy:130)&#13;
io.restassured.internal.ValidatableResponseOptionsImpl.statusCode(ValidatableResponseOptionsImpl.java:117)&#13;
com.restapiexample.dummy.dummyrestapiInfo.DummyRestAPICURDTest.test004(DummyRestAPICURDTest.java:79)&#13;
</system-err></testcase><testcase classname="com.restapiexample.dummy.dummyrestapiInfo.DummyRestAPICURDTest" name="1. Verify if total records are 24"/><testcase classname="com.restapiexample.dummy.dummyrestapiInfo.DummyRestAPICURDTest" name="2. Verify if 24th Data id is 24"/><testcase classname="com.restapiexample.dummy.dummyrestapiInfo.DummyRestAPICURDTest" name="3. Verify if 23rd employee name is Doris Wilder"/><testcase classname="com.restapiexample.dummy.dummyrestapiInfo.DummyRestAPICURDTest" name="4. Verify if message is Successfully! All records has been fetched"/><testcase classname="com.restapiexample.dummy.dummyrestapiInfo.DummyRestAPICURDTest" name="5. Verify if status is success"/><testcase classname="com.restapiexample.dummy.dummyrestapiInfo.DummyRestAPICURDTest" name="6. Verify 3rd id salary is 86000"><error message="io.restassured.path.xml.XmlPath cannot be cast to java.util.List" type="java.lang.ClassCastException">io.restassured.path.xml.XmlPath cannot be cast to java.util.List</error><system-err>io.restassured.path.xml.XmlPath cannot be cast to java.util.List&#13;
com.restapiexample.dummy.dummyrestapiInfo.DummyRestAPICURDTest.test010(DummyRestAPICURDTest.java:129)&#13;
</system-err></testcase><testcase classname="com.restapiexample.dummy.dummyrestapiInfo.DummyRestAPICURDTest" name="7. Verify 6th id age is 61"/><testcase classname="com.restapiexample.dummy.dummyrestapiInfo.DummyRestAPICURDTest" name="8. Verify 11th id name is Jena Gaines"/></testsuite>